Сборка начата 17.10.2014 13:01:18.
     1>Проект "c:\Projects\Lithium\Lithium\Lithium.vcxproj" в узле 2 (целевые объекты Build).
     1>CustomBuild:
         Moc'ing lithium.h...
         Uic'ing lithium.ui...
         Rcc'ing lithium.qrc...
     1>RCC : warning : No resources in 'c:\Projects\Lithium\Lithium\lithium.qrc'.
         
       ClCompile:
         C:\Program Files (x86)\Microsoft Visual Studio 12.0\VC\bin\CL.exe /c /I.\GeneratedFiles /I. /IC:\Qt\5.3\msvc2013_64\include /I.\GeneratedFiles\Debug /IC:\Qt\5.3\msvc2013_64\include\QtCore /IC:\Qt\5.3\msvc2013_64\include\QtGui /IC:\Qt\5.3\msvc2013_64\include\QtWidgets /Zi /nologo /W1 /WX- /Od /Oy- /D UNICODE /D WIN32 /D WIN64 /D QT_DLL /D QT_CORE_LIB /D QT_GUI_LIB /D QT_WIDGETS_LIB /Gm- /EHsc /MDd /GS /fp:precise /Zc:wchar_t /Zc:forScope /Fo"Debug\\" /Fd"Debug\vc120.pdb" /Gd /TP /analyze- /errorReport:prompt GeneratedFiles\Debug\moc_lithium.cpp lithium.cpp main.cpp
         moc_lithium.cpp
         lithium.cpp
         main.cpp
         Создание кода...
         C:\Program Files (x86)\Microsoft Visual Studio 12.0\VC\bin\CL.exe /c /I.\GeneratedFiles /I. /IC:\Qt\5.3\msvc2013_64\include /I.\GeneratedFiles\Debug /IC:\Qt\5.3\msvc2013_64\include\QtCore /IC:\Qt\5.3\msvc2013_64\include\QtGui /IC:\Qt\5.3\msvc2013_64\include\QtWidgets /Zi /nologo /W1 /WX- /Od /Oy- /D UNICODE /D WIN32 /D WIN64 /D QT_DLL /D QT_CORE_LIB /D QT_GUI_LIB /D QT_WIDGETS_LIB /Gm- /EHsc /MDd /GS /fp:precise /Zc:wchar_t /Zc:forScope /Fo"Debug\\" /Fd"Debug\vc120.pdb" /Gd /TP /analyze- /errorReport:prompt GeneratedFiles\qrc_lithium.cpp
         qrc_lithium.cpp
       ResourceCompile:
         C:\Program Files (x86)\Windows Kits\8.1\bin\x86\rc.exe /l"0x0409" /nologo /fo"Debug\Lithium.res" Lithium.rc 
       Link:
         C:\Program Files (x86)\Microsoft Visual Studio 12.0\VC\bin\link.exe /ERRORREPORT:PROMPT /OUT:"c:\Projects\Lithium\Win32\Debug\\Lithium.exe" /NOLOGO /LIBPATH:C:\Qt\5.3\msvc2013_64\lib qtmaind.lib Qt5Cored.lib Qt5Guid.lib Qt5Widgetsd.lib kernel32.lib user32.lib gdi32.lib winspool.lib comdlg32.lib advapi32.lib shell32.lib ole32.lib oleaut32.lib uuid.lib odbc32.lib odbccp32.lib /MANIFEST /MANIFESTUAC:"level='asInvoker' uiAccess='false'" /manifest:embed /DEBUG /PDB:"c:\Projects\Lithium\Win32\Debug\Lithium.pdb" /SUBSYSTEM:WINDOWS /TLBID:1 /DYNAMICBASE /NXCOMPAT /IMPLIB:"c:\Projects\Lithium\Win32\Debug\Lithium.lib" /MACHINE:X86 /SAFESEH Debug\Lithium.res
         Debug\moc_lithium.obj
         Debug\qrc_lithium.obj
         Debug\lithium.obj
         Debug\main.obj
     1>Qt5Widgetsd.lib(Qt5Widgetsd.dll) : fatal error LNK1112: тип компьютера модуля "x64" противоречит типу целевого компьютера "X86"
     1>Сборка проекта "c:\Projects\Lithium\Lithium\Lithium.vcxproj" завершена (целевые объекты Build) с ошибкой.

Ошибка сборки.

Затраченное время: 00:00:13.33
